<?xml version="1.0" encoding="UTF-8"?>
<testng-results skipped="0" failed="0" total="1" passed="1">
  <reporter-output>
  </reporter-output>
  <suite name="com.mycompany_Assignment2_jar_1.0-SNAPSHOT" duration-ms="112105" started-at="2020-01-26T21:06:48Z" finished-at="2020-01-26T21:08:40Z">
    <groups>
    </groups>
    <test name="HotelReview" duration-ms="112105" started-at="2020-01-26T21:06:48Z" finished-at="2020-01-26T21:08:40Z">
      <class name="com.hotelreview.testPackage.HotelReviewSuiteTestCases">
        <test-method status="PASS" signature="launchMethod()" name="launchMethod" is-config="true" duration-ms="17700" started-at="2020-01-26T21:06:48Z" finished-at="2020-01-26T21:07:06Z">
        </test-method>
        <test-method status="PASS" signature="reviewHotel()" name="reviewHotel" duration-ms="92172" started-at="2020-01-26T21:07:06Z" finished-at="2020-01-26T21:08:38Z">
        </test-method>
        <test-method status="PASS" signature="afterTest()" name="afterTest" is-config="true" duration-ms="2217" started-at="2020-01-26T21:08:38Z" finished-at="2020-01-26T21:08:40Z">
        </test-method>
      </class>
    </test>
  </suite>
</testng-results>
